<?xml version="1.0" encoding="UTF-8"?>
<!-- Generated by org.testng.reporters.JUnitReportReporter -->
<testsuite hostname="Rahul041" failures="0" tests="1" name="com.Ecommerce.Test_case.Test_loginTestCase" time="13.490" errors="0" timestamp="2023-01-23T00:58:34 IST" skipped="0">
  <testcase classname="com.Ecommerce.Test_case.Test_loginTestCase" name="LoginTestcase" time="13.490"/>
  <system-out/>
</testsuite> <!-- com.Ecommerce.Test_case.Test_loginTestCase -->
